DEPRECATION WARNING: Using a dynamic :action segment in a route is deprecated and will be removed in Rails 6.0. (called from block in <main> at /home/poonam/Library-management-system-master/config/routes.rb:38)
DEPRECATION WARNING: Using a dynamic :action segment in a route is deprecated and will be removed in Rails 6.0. (called from block in <main> at /home/poonam/Library-management-system-master/config/routes.rb:38)
Started GET "/" for ::1 at 2024-02-23 23:09:35 +0530
  
PG::ConnectionBad (FATAL:  Peer authentication failed for user "postgres"
):
  
pg (1.5.5) lib/pg/connection.rb:696:in `async_connect_or_reset'
pg (1.5.5) lib/pg/connection.rb:824:in `connect_to_hosts'
pg (1.5.5) lib/pg/connection.rb:759:in `new'
pg (1.5.5) lib/pg.rb:63:in `connect'
activerecord (5.2.8.1) lib/active_record/connection_adapters/postgresql_adapter.rb:692:in `connect'
activerecord (5.2.8.1) lib/active_record/connection_adapters/postgresql_adapter.rb:223:in `initialize'
activerecord (5.2.8.1) lib/active_record/connection_adapters/postgresql_adapter.rb:48:in `new'
activerecord (5.2.8.1) lib/active_record/connection_adapters/postgresql_adapter.rb:48:in `postgresql_connection'
activerecord (5.2.8.1) lib/active_record/connection_adapters/abstract/connection_pool.rb:830:in `new_connection'
activerecord (5.2.8.1) lib/active_record/connection_adapters/abstract/connection_pool.rb:874:in `checkout_new_connection'
activerecord (5.2.8.1) lib/active_record/connection_adapters/abstract/connection_pool.rb:853:in `try_to_checkout_new_connection'
activerecord (5.2.8.1) lib/active_record/connection_adapters/abstract/connection_pool.rb:814:in `acquire_connection'
activerecord (5.2.8.1) lib/active_record/connection_adapters/abstract/connection_pool.rb:538:in `checkout'
activerecord (5.2.8.1) lib/active_record/connection_adapters/abstract/connection_pool.rb:382:in `connection'
activerecord (5.2.8.1) lib/active_record/connection_adapters/abstract/connection_pool.rb:1033:in `retrieve_connection'
activerecord (5.2.8.1) lib/active_record/connection_handling.rb:118:in `retrieve_connection'
activerecord (5.2.8.1) lib/active_record/connection_handling.rb:90:in `connection'
activerecord (5.2.8.1) lib/active_record/migration.rb:554:in `call'
actionpack (5.2.8.1) lib/action_dispatch/middleware/callbacks.rb:28:in `block in call'
activesupport (5.2.8.1) lib/active_support/callbacks.rb:98:in `run_callbacks'
actionpack (5.2.8.1) lib/action_dispatch/middleware/callbacks.rb:26:in `call'
actionpack (5.2.8.1) lib/action_dispatch/middleware/executor.rb:14:in `call'
actionpack (5.2.8.1) lib/action_dispatch/middleware/debug_exceptions.rb:61:in `call'
web-console (3.7.0) lib/web_console/middleware.rb:135:in `call_app'
web-console (3.7.0) lib/web_console/middleware.rb:30:in `block in call'
web-console (3.7.0) lib/web_console/middleware.rb:20:in `catch'
web-console (3.7.0) lib/web_console/middleware.rb:20:in `call'
actionpack (5.2.8.1) lib/action_dispatch/middleware/show_exceptions.rb:33:in `call'
railties (5.2.8.1) lib/rails/rack/logger.rb:38:in `call_app'
railties (5.2.8.1) lib/rails/rack/logger.rb:26:in `block in call'
activesupport (5.2.8.1) lib/active_support/tagged_logging.rb:71:in `block in tagged'
activesupport (5.2.8.1) lib/active_support/tagged_logging.rb:28:in `tagged'
activesupport (5.2.8.1) lib/active_support/tagged_logging.rb:71:in `tagged'
railties (5.2.8.1) lib/rails/rack/logger.rb:26:in `call'
sprockets-rails (3.4.2) lib/sprockets/rails/quiet_assets.rb:13:in `call'
actionpack (5.2.8.1) lib/action_dispatch/middleware/remote_ip.rb:81:in `call'
actionpack (5.2.8.1) lib/action_dispatch/middleware/request_id.rb:27:in `call'
rack (2.2.8.1) lib/rack/method_override.rb:24:in `call'
rack (2.2.8.1) lib/rack/runtime.rb:22:in `call'
activesupport (5.2.8.1) lib/active_support/cache/strategy/local_cache_middleware.rb:29:in `call'
actionpack (5.2.8.1) lib/action_dispatch/middleware/executor.rb:14:in `call'
actionpack (5.2.8.1) lib/action_dispatch/middleware/static.rb:127:in `call'
rack (2.2.8.1) lib/rack/sendfile.rb:110:in `call'
webpacker (5.4.4) lib/webpacker/dev_server_proxy.rb:25:in `perform_request'
rack-proxy (0.7.7) lib/rack/proxy.rb:87:in `call'
railties (5.2.8.1) lib/rails/engine.rb:524:in `call'
puma (3.12.6) lib/puma/configuration.rb:227:in `call'
puma (3.12.6) lib/puma/server.rb:706:in `handle_request'
puma (3.12.6) lib/puma/server.rb:476:in `process_client'
puma (3.12.6) lib/puma/server.rb:334:in `block in run'
puma (3.12.6) lib/puma/thread_pool.rb:135:in `block in spawn_thread'
DEPRECATION WARNING: Using a dynamic :action segment in a route is deprecated and will be removed in Rails 6.0. (called from block in <main> at /home/poonam/Library-management-system-master/config/routes.rb:38)
DEPRECATION WARNING: Using a dynamic :action segment in a route is deprecated and will be removed in Rails 6.0. (called from block in <main> at /home/poonam/Library-management-system-master/config/routes.rb:38)
DEPRECATION WARNING: Using a dynamic :action segment in a route is deprecated and will be removed in Rails 6.0. (called from block in <main> at /home/poonam/Library-management-system-master/config/routes.rb:38)
  [1m[35m (909.8ms)[0m  [1m[35mCREATE DATABASE "my_application_development" ENCODING = 'UTF-8'[0m
  ↳ bin/rails:9
DEPRECATION WARNING: Using a dynamic :action segment in a route is deprecated and will be removed in Rails 6.0. (called from block in <main> at /home/poonam/Library-management-system-master/config/routes.rb:38)
  [1m[35m (0.8ms)[0m  [1m[35mCREATE DATABASE "my_application_development" ENCODING = 'UTF-8'[0m
  ↳ bin/rails:9
DEPRECATION WARNING: Using a dynamic :action segment in a route is deprecated and will be removed in Rails 6.0. (called from block in <main> at /home/poonam/Library-management-system-master/config/routes.rb:38)
  [1m[35m (0.4ms)[0m  [1m[35mCREATE DATABASE "my_application_development" ENCODING = 'UTF-8'[0m
  ↳ bin/rails:9
DEPRECATION WARNING: Using a dynamic :action segment in a route is deprecated and will be removed in Rails 6.0. (called from block in <main> at /home/poonam/Library-management-system-master/config/routes.rb:38)
  [1m[35m (37.8ms)[0m  [1m[35mCREATE TABLE "schema_migrations" ("version" character varying NOT NULL PRIMARY KEY)[0m
  ↳ bin/rails:9
  [1m[35m (10.9ms)[0m  [1m[35mCREATE TABLE "ar_internal_metadata" ("key" character varying NOT NULL PRIMARY KEY, "value" character varying, "created_at" timestamp NOT NULL, "updated_at" timestamp NOT NULL)[0m
  ↳ bin/rails:9
  [1m[35m (1.2ms)[0m  [1m[34mSELECT pg_try_advisory_lock(268093755629157570)[0m
  ↳ bin/rails:9
  [1m[35m (3.6ms)[0m  [1m[34mSELECT "schema_migrations"."version" FROM "schema_migrations" ORDER BY "schema_migrations"."version" ASC[0m
  ↳ bin/rails:9
Migrating to DeviseCreateUsers (20220119093139)
  [1m[35m (0.6ms)[0m  [1m[35mBEGIN[0m
  ↳ bin/rails:9
  [1m[35m (41.5ms)[0m  [1m[35mCREATE TABLE "users" ("id" bigserial primary key, "email" character varying DEFAULT '' NOT NULL, "encrypted_password" character varying DEFAULT '' NOT NULL, "reset_password_token" character varying, "reset_password_sent_at" timestamp, "remember_created_at" timestamp, "created_at" timestamp NOT NULL, "updated_at" timestamp NOT NULL)[0m
  ↳ db/migrate/20220119093139_devise_create_users.rb:5
  [1m[35m (6.1ms)[0m  [1m[35mCREATE UNIQUE INDEX  "index_users_on_email" ON "users"  ("email")[0m
  ↳ db/migrate/20220119093139_devise_create_users.rb:38
  [1m[35m (11.8ms)[0m  [1m[35mCREATE UNIQUE INDEX  "index_users_on_reset_password_token" ON "users"  ("reset_password_token")[0m
  ↳ db/migrate/20220119093139_devise_create_users.rb:39
  [1m[36mActiveRecord::SchemaMigration Create (14.5ms)[0m  [1m[32mINSERT INTO "schema_migrations" ("version") VALUES ($1) RETURNING "version"[0m  [["version", "20220119093139"]]
  ↳ bin/rails:9
  [1m[35m (2.6ms)[0m  [1m[35mCOMMIT[0m
  ↳ bin/rails:9
Migrating to CreateBooks (20220120115615)
  [1m[35m (0.6ms)[0m  [1m[35mBEGIN[0m
  ↳ bin/rails:9
  [1m[35m (11.1ms)[0m  [1m[35mCREATE TABLE "books" ("id" bigserial primary key, "name" character varying, "price" bigint, "author" character varying, "book_no" character varying, "created_at" timestamp NOT NULL, "updated_at" timestamp NOT NULL)[0m
  ↳ db/migrate/20220120115615_create_books.rb:3
  [1m[36mActiveRecord::SchemaMigration Create (1.4ms)[0m  [1m[32mINSERT INTO "schema_migrations" ("version") VALUES ($1) RETURNING "version"[0m  [["version", "20220120115615"]]
  ↳ bin/rails:9
  [1m[35m (9.5ms)[0m  [1m[35mCOMMIT[0m
  ↳ bin/rails:9
Migrating to AddDescriptionToBooks (20220125125724)
  [1m[35m (0.6ms)[0m  [1m[35mBEGIN[0m
  ↳ bin/rails:9
  [1m[35m (1.6ms)[0m  [1m[35mALTER TABLE "books" ADD "description" text[0m
  ↳ db/migrate/20220125125724_add_description_to_books.rb:3
  [1m[36mActiveRecord::SchemaMigration Create (0.2ms)[0m  [1m[32mINSERT INTO "schema_migrations" ("version") VALUES ($1) RETURNING "version"[0m  [["version", "20220125125724"]]
  ↳ bin/rails:9
  [1m[35m (10.1ms)[0m  [1m[35mCOMMIT[0m
  ↳ bin/rails:9
Migrating to CreateActiveStorageTables (20220125130326)
  [1m[35m (0.5ms)[0m  [1m[35mBEGIN[0m
  ↳ bin/rails:9
  [1m[35m (13.3ms)[0m  [1m[35mCREATE TABLE "active_storage_blobs" ("id" bigserial primary key, "key" character varying NOT NULL, "filename" character varying NOT NULL, "content_type" character varying, "metadata" text, "byte_size" bigint NOT NULL, "checksum" character varying NOT NULL, "created_at" timestamp NOT NULL)[0m
  ↳ db/migrate/20220125130326_create_active_storage_tables.active_storage.rb:4
  [1m[35m (24.8ms)[0m  [1m[35mCREATE UNIQUE INDEX  "index_active_storage_blobs_on_key" ON "active_storage_blobs"  ("key")[0m
  ↳ db/migrate/20220125130326_create_active_storage_tables.active_storage.rb:4
  [1m[35m (17.2ms)[0m  [1m[35mCREATE TABLE "active_storage_attachments" ("id" bigserial primary key, "name" character varying NOT NULL, "record_type" character varying NOT NULL, "record_id" bigint NOT NULL, "blob_id" bigint NOT NULL, "created_at" timestamp NOT NULL, CONSTRAINT "fk_rails_c3b3935057"
FOREIGN KEY ("blob_id")
  REFERENCES "active_storage_blobs" ("id")
)[0m
  ↳ db/migrate/20220125130326_create_active_storage_tables.active_storage.rb:16
  [1m[35m (5.3ms)[0m  [1m[35mCREATE  INDEX  "index_active_storage_attachments_on_blob_id" ON "active_storage_attachments"  ("blob_id")[0m
  ↳ db/migrate/20220125130326_create_active_storage_tables.active_storage.rb:16
  [1m[35m (5.6ms)[0m  [1m[35mCREATE UNIQUE INDEX  "index_active_storage_attachments_uniqueness" ON "active_storage_attachments"  ("record_type", "record_id", "name", "blob_id")[0m
  ↳ db/migrate/20220125130326_create_active_storage_tables.active_storage.rb:16
  [1m[36mActiveRecord::SchemaMigration Create (9.0ms)[0m  [1m[32mINSERT INTO "schema_migrations" ("version") VALUES ($1) RETURNING "version"[0m  [["version", "20220125130326"]]
  ↳ bin/rails:9
  [1m[35m (2.3ms)[0m  [1m[35mCOMMIT[0m
  ↳ bin/rails:9
Migrating to AddImageToBooks (20220125135819)
  [1m[35m (7.2ms)[0m  [1m[35mBEGIN[0m
  ↳ bin/rails:9
  [1m[35m (0.7ms)[0m  [1m[35mALTER TABLE "books" ADD "image" text[0m
  ↳ db/migrate/20220125135819_add_image_to_books.rb:3
  [1m[36mActiveRecord::SchemaMigration Create (0.3ms)[0m  [1m[32mINSERT INTO "schema_migrations" ("version") VALUES ($1) RETURNING "version"[0m  [["version", "20220125135819"]]
  ↳ bin/rails:9
  [1m[35m (2.0ms)[0m  [1m[35mCOMMIT[0m
  ↳ bin/rails:9
Migrating to AddNameToUser (20220127074943)
  [1m[35m (0.2ms)[0m  [1m[35mBEGIN[0m
  ↳ bin/rails:9
  [1m[36mActiveRecord::SchemaMigration Create (0.4ms)[0m  [1m[32mINSERT INTO "schema_migrations" ("version") VALUES ($1) RETURNING "version"[0m  [["version", "20220127074943"]]
  ↳ bin/rails:9
  [1m[35m (8.6ms)[0m  [1m[35mCOMMIT[0m
  ↳ bin/rails:9
Migrating to AddBookNoToUser (20220127085007)
  [1m[35m (0.2ms)[0m  [1m[35mBEGIN[0m
  ↳ bin/rails:9
  [1m[35m (0.4ms)[0m  [1m[35mALTER TABLE "users" ADD "book" character varying[0m
  ↳ db/migrate/20220127085007_add_book_no_to_user.rb:3
  [1m[35m (0.2ms)[0m  [1m[35mALTER TABLE "users" ADD "no" integer[0m
  ↳ db/migrate/20220127085007_add_book_no_to_user.rb:4
  [1m[36mActiveRecord::SchemaMigration Create (0.2ms)[0m  [1m[32mINSERT INTO "schema_migrations" ("version") VALUES ($1) RETURNING "version"[0m  [["version", "20220127085007"]]
  ↳ bin/rails:9
  [1m[35m (23.3ms)[0m  [1m[35mCOMMIT[0m
  ↳ bin/rails:9
Migrating to AddUserNameToUser (20220127085208)
  [1m[35m (0.2ms)[0m  [1m[35mBEGIN[0m
  ↳ bin/rails:9
  [1m[35m (0.9ms)[0m  [1m[35mALTER TABLE "users" ADD "User_name" character varying[0m
  ↳ db/migrate/20220127085208_add_user_name_to_user.rb:3
  [1m[36mActiveRecord::SchemaMigration Create (1.2ms)[0m  [1m[32mINSERT INTO "schema_migrations" ("version") VALUES ($1) RETURNING "version"[0m  [["version", "20220127085208"]]
  ↳ bin/rails:9
  [1m[35m (2.8ms)[0m  [1m[35mCOMMIT[0m
  ↳ bin/rails:9
Migrating to CreateBookIssues (20220128111140)
  [1m[35m (0.7ms)[0m  [1m[35mBEGIN[0m
  ↳ bin/rails:9
  [1m[35m (0.5ms)[0m  [1m[31mROLLBACK[0m
  ↳ bin/rails:9
  [1m[35m (0.6ms)[0m  [1m[34mSELECT pg_advisory_unlock(268093755629157570)[0m
  ↳ bin/rails:9
DEPRECATION WARNING: Using a dynamic :action segment in a route is deprecated and will be removed in Rails 6.0. (called from block in <main> at /home/poonam/Library-management-system-master/config/routes.rb:38)
  [1m[35m (0.7ms)[0m  [1m[35mCREATE DATABASE "my_application_development" ENCODING = 'UTF-8'[0m
  ↳ bin/rails:9
  [1m[35m (674.0ms)[0m  [1m[35mCREATE DATABASE "my_application_test" ENCODING = 'unicode'[0m
  ↳ bin/rails:9
DEPRECATION WARNING: Using a dynamic :action segment in a route is deprecated and will be removed in Rails 6.0. (called from block in <main> at /home/poonam/Library-management-system-master/config/routes.rb:38)
  [1m[35m (0.1ms)[0m  [1m[34mSELECT pg_try_advisory_lock(268093755629157570)[0m
  ↳ bin/rails:9
  [1m[35m (0.4ms)[0m  [1m[34mSELECT "schema_migrations"."version" FROM "schema_migrations" ORDER BY "schema_migrations"."version" ASC[0m
  ↳ bin/rails:9
Migrating to CreateBookIssues (20220128111140)
  [1m[35m (0.2ms)[0m  [1m[35mBEGIN[0m
  ↳ bin/rails:9
  [1m[35m (16.6ms)[0m  [1m[35mCREATE TABLE "book_issues" ("id" bigserial primary key, "user_id" bigint, "book_id" bigint, "issue_date" timestamp, "submit_date" timestamp, "created_at" timestamp NOT NULL, "updated_at" timestamp NOT NULL, CONSTRAINT "fk_rails_1a38225ee0"
FOREIGN KEY ("user_id")
  REFERENCES "users" ("id")
, CONSTRAINT "fk_rails_8a6797a02b"
FOREIGN KEY ("book_id")
  REFERENCES "books" ("id")
)[0m
  ↳ db/migrate/20220128111140_create_book_issues.rb:3
  [1m[35m (35.1ms)[0m  [1m[35mCREATE  INDEX  "index_book_issues_on_user_id" ON "book_issues"  ("user_id")[0m
  ↳ db/migrate/20220128111140_create_book_issues.rb:3
  [1m[35m (5.5ms)[0m  [1m[35mCREATE  INDEX  "index_book_issues_on_book_id" ON "book_issues"  ("book_id")[0m
  ↳ db/migrate/20220128111140_create_book_issues.rb:3
  [1m[36mActiveRecord::SchemaMigration Create (0.9ms)[0m  [1m[32mINSERT INTO "schema_migrations" ("version") VALUES ($1) RETURNING "version"[0m  [["version", "20220128111140"]]
  ↳ bin/rails:9
  [1m[35m (7.5ms)[0m  [1m[35mCOMMIT[0m
  ↳ bin/rails:9
Migrating to CreateAddRoleToUsers (20220130103811)
  [1m[35m (14.0ms)[0m  [1m[35mALTER TABLE "users" ADD "role" integer DEFAULT 0[0m
  ↳ db/migrate/20220130103811_create_add_role_to_users.rb:2
  [1m[35m (3.7ms)[0m  [1m[35mBEGIN[0m
  ↳ bin/rails:9
  [1m[36mActiveRecord::SchemaMigration Create (0.8ms)[0m  [1m[32mINSERT INTO "schema_migrations" ("version") VALUES ($1) RETURNING "version"[0m  [["version", "20220130103811"]]
  ↳ bin/rails:9
  [1m[35m (2.0ms)[0m  [1m[35mCOMMIT[0m
  ↳ bin/rails:9
Migrating to AddTotalToBooks (20220207133400)
  [1m[35m (0.6ms)[0m  [1m[35mBEGIN[0m
  ↳ bin/rails:9
  [1m[35m (0.9ms)[0m  [1m[35mALTER TABLE "books" ADD "Total" integer DEFAULT 100[0m
  ↳ db/migrate/20220207133400_add_total_to_books.rb:3
  [1m[36mActiveRecord::SchemaMigration Create (1.1ms)[0m  [1m[32mINSERT INTO "schema_migrations" ("version") VALUES ($1) RETURNING "version"[0m  [["version", "20220207133400"]]
  ↳ bin/rails:9
  [1m[35m (2.3ms)[0m  [1m[35mCOMMIT[0m
  ↳ bin/rails:9
Migrating to CreateTotalBooks (20220207145252)
  [1m[35m (0.5ms)[0m  [1m[35mBEGIN[0m
  ↳ bin/rails:9
  [1m[35m (13.8ms)[0m  [1m[35mCREATE TABLE "total_books" ("id" bigserial primary key, "book_issue_id" bigint, "book_id" bigint, "created_at" timestamp NOT NULL, "updated_at" timestamp NOT NULL, CONSTRAINT "fk_rails_a96d4ad511"
FOREIGN KEY ("book_issue_id")
  REFERENCES "book_issues" ("id")
, CONSTRAINT "fk_rails_39ffe19305"
FOREIGN KEY ("book_id")
  REFERENCES "books" ("id")
)[0m
  ↳ db/migrate/20220207145252_create_total_books.rb:3
  [1m[35m (14.5ms)[0m  [1m[35mCREATE  INDEX  "index_total_books_on_book_issue_id" ON "total_books"  ("book_issue_id")[0m
  ↳ db/migrate/20220207145252_create_total_books.rb:3
  [1m[35m (4.7ms)[0m  [1m[35mCREATE  INDEX  "index_total_books_on_book_id" ON "total_books"  ("book_id")[0m
  ↳ db/migrate/20220207145252_create_total_books.rb:3
  [1m[36mActiveRecord::SchemaMigration Create (0.3ms)[0m  [1m[32mINSERT INTO "schema_migrations" ("version") VALUES ($1) RETURNING "version"[0m  [["version", "20220207145252"]]
  ↳ bin/rails:9
  [1m[35m (1.4ms)[0m  [1m[35mCOMMIT[0m
  ↳ bin/rails:9
Migrating to CreateWelcomes (20220211050857)
  [1m[35m (0.2ms)[0m  [1m[35mBEGIN[0m
  ↳ bin/rails:9
  [1m[35m (28.1ms)[0m  [1m[35mCREATE TABLE "welcomes" ("id" bigserial primary key, "name" character varying, "email" character varying, "query" character varying, "created_at" timestamp NOT NULL, "updated_at" timestamp NOT NULL)[0m
  ↳ db/migrate/20220211050857_create_welcomes.rb:3
  [1m[36mActiveRecord::SchemaMigration Create (0.6ms)[0m  [1m[32mINSERT INTO "schema_migrations" ("version") VALUES ($1) RETURNING "version"[0m  [["version", "20220211050857"]]
  ↳ bin/rails:9
  [1m[35m (1.9ms)[0m  [1m[35mCOMMIT[0m
  ↳ bin/rails:9
Migrating to AddDayToBookIssues (20220214100806)
  [1m[35m (0.6ms)[0m  [1m[35mBEGIN[0m
  ↳ bin/rails:9
  [1m[35m (0.7ms)[0m  [1m[35mALTER TABLE "book_issues" ADD "day" timestamp[0m
  ↳ db/migrate/20220214100806_add_day_to_book_issues.rb:3
  [1m[36mActiveRecord::SchemaMigration Create (0.7ms)[0m  [1m[32mINSERT INTO "schema_migrations" ("version") VALUES ($1) RETURNING "version"[0m  [["version", "20220214100806"]]
  ↳ bin/rails:9
  [1m[35m (2.4ms)[0m  [1m[35mCOMMIT[0m
  ↳ bin/rails:9
Migrating to AddDateToBookIssues (20220215111434)
  [1m[35m (0.7ms)[0m  [1m[35mBEGIN[0m
  ↳ bin/rails:9
  [1m[35m (0.7ms)[0m  [1m[35mALTER TABLE "book_issues" ADD "date" timestamp[0m
  ↳ db/migrate/20220215111434_add_date_to_book_issues.rb:3
  [1m[36mActiveRecord::SchemaMigration Create (0.6ms)[0m  [1m[32mINSERT INTO "schema_migrations" ("version") VALUES ($1) RETURNING "version"[0m  [["version", "20220215111434"]]
  ↳ bin/rails:9
  [1m[35m (6.2ms)[0m  [1m[35mCOMMIT[0m
  ↳ bin/rails:9
Migrating to AddStatusToBookIssue (20220216104017)
  [1m[35m (0.8ms)[0m  [1m[35mBEGIN[0m
  ↳ bin/rails:9
  [1m[35m (12.8ms)[0m  [1m[35mALTER TABLE "book_issues" ADD "status" integer[0m
  ↳ db/migrate/20220216104017_add_status_to_book_issue.rb:3
  [1m[36mActiveRecord::SchemaMigration Create (5.0ms)[0m  [1m[32mINSERT INTO "schema_migrations" ("version") VALUES ($1) RETURNING "version"[0m  [["version", "20220216104017"]]
  ↳ bin/rails:9
  [1m[35m (2.7ms)[0m  [1m[35mCOMMIT[0m
  ↳ bin/rails:9
Migrating to AddTotalDayToBookIssues (20220216112830)
  [1m[35m (0.9ms)[0m  [1m[35mBEGIN[0m
  ↳ bin/rails:9
  [1m[35m (4.7ms)[0m  [1m[35mALTER TABLE "book_issues" ADD "total_day" integer[0m
  ↳ db/migrate/20220216112830_add_total_day_to_book_issues.rb:3
  [1m[36mActiveRecord::SchemaMigration Create (0.6ms)[0m  [1m[32mINSERT INTO "schema_migrations" ("version") VALUES ($1) RETURNING "version"[0m  [["version", "20220216112830"]]
  ↳ bin/rails:9
  [1m[35m (2.7ms)[0m  [1m[35mCOMMIT[0m
  ↳ bin/rails:9
Migrating to AddTotalFineToBookIssues (20220216113713)
  [1m[35m (0.6ms)[0m  [1m[35mBEGIN[0m
  ↳ bin/rails:9
  [1m[35m (0.6ms)[0m  [1m[35mALTER TABLE "book_issues" ADD "total_fine" integer[0m
  ↳ db/migrate/20220216113713_add_total_fine_to_book_issues.rb:3
  [1m[36mActiveRecord::SchemaMigration Create (0.6ms)[0m  [1m[32mINSERT INTO "schema_migrations" ("version") VALUES ($1) RETURNING "version"[0m  [["version", "20220216113713"]]
  ↳ bin/rails:9
  [1m[35m (1.9ms)[0m  [1m[35mCOMMIT[0m
  ↳ bin/rails:9
Migrating to CreateContacts (20220223095321)
  [1m[35m (0.6ms)[0m  [1m[35mBEGIN[0m
  ↳ bin/rails:9
  [1m[35m (9.7ms)[0m  [1m[35mCREATE TABLE "contacts" ("id" bigserial primary key, "name" character varying, "email" character varying, "query" character varying, "phone" integer, "created_at" timestamp NOT NULL, "updated_at" timestamp NOT NULL)[0m
  ↳ db/migrate/20220223095321_create_contacts.rb:3
  [1m[36mActiveRecord::SchemaMigration Create (1.0ms)[0m  [1m[32mINSERT INTO "schema_migrations" ("version") VALUES ($1) RETURNING "version"[0m  [["version", "20220223095321"]]
  ↳ bin/rails:9
  [1m[35m (4.0ms)[0m  [1m[35mCOMMIT[0m
  ↳ bin/rails:9
Migrating to CreateSubmitBooks (20220228095751)
  [1m[35m (0.2ms)[0m  [1m[35mBEGIN[0m
  ↳ bin/rails:9
  [1m[35m (19.8ms)[0m  [1m[35mCREATE TABLE "submit_books" ("id" bigserial primary key, "created_at" timestamp NOT NULL, "updated_at" timestamp NOT NULL)[0m
  ↳ db/migrate/20220228095751_create_submit_books.rb:3
  [1m[36mActiveRecord::SchemaMigration Create (0.4ms)[0m  [1m[32mINSERT INTO "schema_migrations" ("version") VALUES ($1) RETURNING "version"[0m  [["version", "20220228095751"]]
  ↳ bin/rails:9
  [1m[35m (1.8ms)[0m  [1m[35mCOMMIT[0m
  ↳ bin/rails:9
Migrating to AddSubmitDateToSubmitBook (20220228103010)
  [1m[35m (0.2ms)[0m  [1m[35mBEGIN[0m
  ↳ bin/rails:9
  [1m[35m (0.3ms)[0m  [1m[35mALTER TABLE "submit_books" ADD "submit_date" timestamp[0m
  ↳ db/migrate/20220228103010_add_submit_date_to_submit_book.rb:3
  [1m[36mActiveRecord::SchemaMigration Create (0.2ms)[0m  [1m[32mINSERT INTO "schema_migrations" ("version") VALUES ($1) RETURNING "version"[0m  [["version", "20220228103010"]]
  ↳ bin/rails:9
  [1m[35m (1.4ms)[0m  [1m[35mCOMMIT[0m
  ↳ bin/rails:9
Migrating to AddBookCollectionToBooks (20220307082027)
  [1m[35m (0.1ms)[0m  [1m[35mBEGIN[0m
  ↳ bin/rails:9
  [1m[35m (0.3ms)[0m  [1m[35mALTER TABLE "books" ADD "bookcollection" integer[0m
  ↳ db/migrate/20220307082027_add_book_collection_to_books.rb:3
  [1m[36mActiveRecord::SchemaMigration Create (0.2ms)[0m  [1m[32mINSERT INTO "schema_migrations" ("version") VALUES ($1) RETURNING "version"[0m  [["version", "20220307082027"]]
  ↳ bin/rails:9
  [1m[35m (1.5ms)[0m  [1m[35mCOMMIT[0m
  ↳ bin/rails:9
Migrating to AddQuantityToBook (20220311122101)
  [1m[35m (0.7ms)[0m  [1m[35mBEGIN[0m
  ↳ bin/rails:9
  [1m[35m (0.5ms)[0m  [1m[35mALTER TABLE "books" ADD "quantity" integer[0m
  ↳ db/migrate/20220311122101_add_quantity_to_book.rb:3
  [1m[36mActiveRecord::SchemaMigration Create (0.4ms)[0m  [1m[32mINSERT INTO "schema_migrations" ("version") VALUES ($1) RETURNING "version"[0m  [["version", "20220311122101"]]
  ↳ bin/rails:9
  [1m[35m (14.2ms)[0m  [1m[35mCOMMIT[0m
  ↳ bin/rails:9
Migrating to CreateTotalFines (20220314123102)
  [1m[35m (0.2ms)[0m  [1m[35mBEGIN[0m
  ↳ bin/rails:9
  [1m[35m (12.8ms)[0m  [1m[35mCREATE TABLE "total_fines" ("id" bigserial primary key, "created_at" timestamp NOT NULL, "updated_at" timestamp NOT NULL)[0m
  ↳ db/migrate/20220314123102_create_total_fines.rb:3
  [1m[36mActiveRecord::SchemaMigration Create (0.6ms)[0m  [1m[32mINSERT INTO "schema_migrations" ("version") VALUES ($1) RETURNING "version"[0m  [["version", "20220314123102"]]
  ↳ bin/rails:9
  [1m[35m (1.7ms)[0m  [1m[35mCOMMIT[0m
  ↳ bin/rails:9
Migrating to AddCategoryIdToBooks (20220315061425)
  [1m[35m (0.2ms)[0m  [1m[35mBEGIN[0m
  ↳ bin/rails:9
  [1m[35m (0.4ms)[0m  [1m[35mALTER TABLE "books" ADD "category_id" integer[0m
  ↳ db/migrate/20220315061425_add_category_id_to_books.rb:3
  [1m[36mActiveRecord::SchemaMigration Create (0.3ms)[0m  [1m[32mINSERT INTO "schema_migrations" ("version") VALUES ($1) RETURNING "version"[0m  [["version", "20220315061425"]]
  ↳ bin/rails:9
  [1m[35m (7.2ms)[0m  [1m[35mCOMMIT[0m
  ↳ bin/rails:9
Migrating to AddPaidToTotalFine (20220315103034)
  [1m[35m (0.2ms)[0m  [1m[35mBEGIN[0m
  ↳ bin/rails:9
  [1m[35m (0.3ms)[0m  [1m[35mALTER TABLE "total_fines" ADD "paid" boolean[0m
  ↳ db/migrate/20220315103034_add_paid_to_total_fine.rb:3
  [1m[35m (12.4ms)[0m  [1m[35mALTER TABLE "total_fines" ADD "token" character varying[0m
  ↳ db/migrate/20220315103034_add_paid_to_total_fine.rb:4
  [1m[35m (0.6ms)[0m  [1m[35mALTER TABLE "total_fines" ADD "price" integer[0m
  ↳ db/migrate/20220315103034_add_paid_to_total_fine.rb:5
  [1m[36mActiveRecord::SchemaMigration Create (0.6ms)[0m  [1m[32mINSERT INTO "schema_migrations" ("version") VALUES ($1) RETURNING "version"[0m  [["version", "20220315103034"]]
  ↳ bin/rails:9
  [1m[35m (3.0ms)[0m  [1m[35mCOMMIT[0m
  ↳ bin/rails:9
Migrating to CreatePayments (20220321095645)
  [1m[35m (0.6ms)[0m  [1m[35mBEGIN[0m
  ↳ bin/rails:9
  [1m[35m (8.6ms)[0m  [1m[35mCREATE TABLE "payments" ("id" bigserial primary key, "password_hash" character varying, "pay" integer, "created_at" timestamp NOT NULL, "updated_at" timestamp NOT NULL)[0m
  ↳ db/migrate/20220321095645_create_payments.rb:3
  [1m[36mActiveRecord::SchemaMigration Create (0.6ms)[0m  [1m[32mINSERT INTO "schema_migrations" ("version") VALUES ($1) RETURNING "version"[0m  [["version", "20220321095645"]]
  ↳ bin/rails:9
  [1m[35m (2.3ms)[0m  [1m[35mCOMMIT[0m
  ↳ bin/rails:9
Migrating to AddDataToUser (20220324113927)
  [1m[35m (4.6ms)[0m  [1m[35mBEGIN[0m
  ↳ bin/rails:9
  [1m[35m (13.2ms)[0m  [1m[35mALTER TABLE "users" ADD "stripe_id" character varying[0m
  ↳ db/migrate/20220324113927_add_data_to_user.rb:3
  [1m[35m (1.0ms)[0m  [1m[35mALTER TABLE "users" ADD "stripe_subscription_id" character varying[0m
  ↳ db/migrate/20220324113927_add_data_to_user.rb:4
  [1m[35m (0.8ms)[0m  [1m[35mALTER TABLE "users" ADD "card_last" character varying[0m
  ↳ db/migrate/20220324113927_add_data_to_user.rb:5
  [1m[35m (0.7ms)[0m  [1m[35mALTER TABLE "users" ADD "card_exp_month" integer[0m
  ↳ db/migrate/20220324113927_add_data_to_user.rb:6
  [1m[35m (0.9ms)[0m  [1m[35mALTER TABLE "users" ADD "card_type" integer[0m
  ↳ db/migrate/20220324113927_add_data_to_user.rb:7
  [1m[35m (0.9ms)[0m  [1m[35mALTER TABLE "users" ADD "card_exp_year" integer[0m
  ↳ db/migrate/20220324113927_add_data_to_user.rb:8
  [1m[35m (0.6ms)[0m  [1m[35mALTER TABLE "users" ADD "subscription" boolean[0m
  ↳ db/migrate/20220324113927_add_data_to_user.rb:9
  [1m[36mActiveRecord::SchemaMigration Create (0.7ms)[0m  [1m[32mINSERT INTO "schema_migrations" ("version") VALUES ($1) RETURNING "version"[0m  [["version", "20220324113927"]]
  ↳ bin/rails:9
  [1m[35m (1.8ms)[0m  [1m[35mCOMMIT[0m
  ↳ bin/rails:9
Migrating to AddDataToBook (20220328102559)
  [1m[35m (0.4ms)[0m  [1m[35mBEGIN[0m
  ↳ bin/rails:9
  [1m[35m (0.5ms)[0m  [1m[35mALTER TABLE "books" ADD "stripe_p_name" character varying[0m
  ↳ db/migrate/20220328102559_add_data_to_book.rb:3
  [1m[35m (0.4ms)[0m  [1m[35mALTER TABLE "books" ADD "paypal_p_name" character varying[0m
  ↳ db/migrate/20220328102559_add_data_to_book.rb:4
  [1m[36mActiveRecord::SchemaMigration Create (0.6ms)[0m  [1m[32mINSERT INTO "schema_migrations" ("version") VALUES ($1) RETURNING "version"[0m  [["version", "20220328102559"]]
  ↳ bin/rails:9
  [1m[35m (4.6ms)[0m  [1m[35mCOMMIT[0m
  ↳ bin/rails:9
Migrating to AddDataToBookIssues (20220328102633)
  [1m[35m (9.1ms)[0m  [1m[35mBEGIN[0m
  ↳ bin/rails:9
  [1m[35m (19.1ms)[0m  [1m[35mALTER TABLE "book_issues" ADD "token" character varying[0m
  ↳ db/migrate/20220328102633_add_data_to_book_issues.rb:3
  [1m[35m (0.7ms)[0m  [1m[35mALTER TABLE "book_issues" ADD "charge_id" character varying[0m
  ↳ db/migrate/20220328102633_add_data_to_book_issues.rb:4
  [1m[35m (0.6ms)[0m  [1m[35mALTER TABLE "book_issues" ADD "error_message" character varying[0m
  ↳ db/migrate/20220328102633_add_data_to_book_issues.rb:5
  [1m[35m (0.7ms)[0m  [1m[35mALTER TABLE "book_issues" ADD "customer_id" character varying[0m
  ↳ db/migrate/20220328102633_add_data_to_book_issues.rb:6
  [1m[35m (0.8ms)[0m  [1m[35mALTER TABLE "book_issues" ADD "payment_gateway" integer[0m
  ↳ db/migrate/20220328102633_add_data_to_book_issues.rb:7
  [1m[36mActiveRecord::SchemaMigration Create (0.6ms)[0m  [1m[32mINSERT INTO "schema_migrations" ("version") VALUES ($1) RETURNING "version"[0m  [["version", "20220328102633"]]
  ↳ bin/rails:9
  [1m[35m (2.0ms)[0m  [1m[35mCOMMIT[0m
  ↳ bin/rails:9
Migrating to CreateAddDataToBookIssues (20220328123751)
  [1m[35m (0.8ms)[0m  [1m[35mBEGIN[0m
  ↳ bin/rails:9
  [1m[35m (9.4ms)[0m  [1m[35mCREATE TABLE "add_data_to_book_issues" ("id" bigserial primary key, "token" character varying, "charge_id" character varying, "error_message" character varying, "customer_id" character varying, "payment_gateway" integer, "created_at" timestamp NOT NULL, "updated_at" timestamp NOT NULL)[0m
  ↳ db/migrate/20220328123751_create_add_data_to_book_issues.rb:3
  [1m[36mActiveRecord::SchemaMigration Create (0.5ms)[0m  [1m[32mINSERT INTO "schema_migrations" ("version") VALUES ($1) RETURNING "version"[0m  [["version", "20220328123751"]]
  ↳ bin/rails:9
  [1m[35m (1.6ms)[0m  [1m[35mCOMMIT[0m
  ↳ bin/rails:9
  [1m[36mActiveRecord::InternalMetadata Load (2.5ms)[0m  [1m[34mSELECT  "ar_internal_metadata".* FROM "ar_internal_metadata" WHERE "ar_internal_metadata"."key" = $1 LIMIT $2[0m  [["key", "environment"], ["LIMIT", 1]]
  ↳ bin/rails:9
  [1m[35m (0.6ms)[0m  [1m[35mBEGIN[0m
  ↳ bin/rails:9
  [1m[36mActiveRecord::InternalMetadata Create (1.0ms)[0m  [1m[32mINSERT INTO "ar_internal_metadata" ("key", "value", "created_at", "updated_at") VALUES ($1, $2, $3, $4) RETURNING "key"[0m  [["key", "environment"], ["value", "development"], ["created_at", "2024-02-23 17:56:59.378331"], ["updated_at", "2024-02-23 17:56:59.378331"]]
  ↳ bin/rails:9
  [1m[35m (1.6ms)[0m  [1m[35mCOMMIT[0m
  ↳ bin/rails:9
  [1m[35m (4.8ms)[0m  [1m[34mSELECT pg_advisory_unlock(268093755629157570)[0m
  ↳ bin/rails:9
  [1m[35m (15.9ms)[0m  [1m[34mSELECT "schema_migrations"."version" FROM "schema_migrations" ORDER BY "schema_migrations"."version" ASC[0m
  ↳ bin/rails:9
DEPRECATION WARNING: Using a dynamic :action segment in a route is deprecated and will be removed in Rails 6.0. (called from block in <main> at /home/poonam/Library-management-system-master/config/routes.rb:38)
Started GET "/" for ::1 at 2024-02-23 23:27:44 +0530
  [1m[35m (1.0ms)[0m  [1m[34mSELECT "schema_migrations"."version" FROM "schema_migrations" ORDER BY "schema_migrations"."version" ASC[0m
  ↳ /home/poonam/.rvm/gems/ruby-2.7.0/gems/activerecord-5.2.8.1/lib/active_record/log_subscriber.rb:98
Processing by BooksController#index as HTML
Completed 401 Unauthorized in 13ms (ActiveRecord: 0.0ms)


Started GET "/users/sign_in" for ::1 at 2024-02-23 23:27:44 +0530
Processing by Devise::SessionsController#new as HTML
  Rendering devise/sessions/new.html.erb within layouts/application
  Rendered devise/shared/_links.html.erb (1.1ms)
  Rendered devise/sessions/new.html.erb within layouts/application (128.7ms)
Completed 200 OK in 768ms (Views: 735.0ms | ActiveRecord: 8.2ms)


Started GET "/users/sign_up" for ::1 at 2024-02-23 23:28:23 +0530
  
ActionController::RoutingError (uninitialized constant Devise::RegistrationController):
  
app/controllers/registrations_controller.rb:1:in `<main>'
Started GET "/users/sign_in" for ::1 at 2024-02-23 23:28:26 +0530
Processing by Devise::SessionsController#new as HTML
  Rendering devise/sessions/new.html.erb within layouts/application
  Rendered devise/shared/_links.html.erb (2.5ms)
  Rendered devise/sessions/new.html.erb within layouts/application (19.5ms)
Completed 200 OK in 123ms (Views: 122.6ms | ActiveRecord: 0.0ms)


DEPRECATION WARNING: Using a dynamic :action segment in a route is deprecated and will be removed in Rails 6.0. (called from block in <main> at /home/poonam/Library-management-system-master/config/routes.rb:38)
  [1m[35m (0.4ms)[0m  [1m[35mCREATE DATABASE "my_application_development" ENCODING = 'UTF-8'[0m
  ↳ bin/rails:9
  [1m[35m (1.6ms)[0m  [1m[35mCREATE DATABASE "my_application_test" ENCODING = 'unicode'[0m
  ↳ bin/rails:9
DEPRECATION WARNING: Using a dynamic :action segment in a route is deprecated and will be removed in Rails 6.0. (called from block in <main> at /home/poonam/Library-management-system-master/config/routes.rb:38)
  [1m[35m (0.9ms)[0m  [1m[34mSELECT "schema_migrations"."version" FROM "schema_migrations" ORDER BY "schema_migrations"."version" ASC[0m
  ↳ bin/rails:9
  [1m[35m (0.4ms)[0m  [1m[35mBEGIN[0m
  ↳ db/seeds.rb:8
  [1m[36mUser Exists (0.6ms)[0m  [1m[34mSELECT  1 AS one FROM "users" WHERE "users"."email" = $1 LIMIT $2[0m  [["email", "test@gmail.com"], ["LIMIT", 1]]
  ↳ db/seeds.rb:8
  [1m[35m (0.3ms)[0m  [1m[31mROLLBACK[0m
  ↳ db/seeds.rb:8
DEPRECATION WARNING: Using a dynamic :action segment in a route is deprecated and will be removed in Rails 6.0. (called from block in <main> at /home/poonam/Library-management-system-master/config/routes.rb:38)
  [1m[35m (0.6ms)[0m  [1m[34mSELECT "schema_migrations"."version" FROM "schema_migrations" ORDER BY "schema_migrations"."version" ASC[0m
  ↳ bin/rails:9
  [1m[35m (0.6ms)[0m  [1m[35mBEGIN[0m
  ↳ db/seeds.rb:8
  [1m[36mUser Exists (1.1ms)[0m  [1m[34mSELECT  1 AS one FROM "users" WHERE "users"."email" = $1 LIMIT $2[0m  [["email", "test@gmail.com"], ["LIMIT", 1]]
  ↳ db/seeds.rb:8
  [1m[35m (0.2ms)[0m  [1m[31mROLLBACK[0m
  ↳ db/seeds.rb:8
Started POST "/users/sign_in" for ::1 at 2024-02-23 23:32:36 +0530
Processing by Devise::SessionsController#create as HTML
  Parameters: {"utf8"=>"✓", "authenticity_token"=>"/LpP2P+u3Kr2ioPYTFi70ItexvypIeVVtCwXlkFqodkLh9x2N1maug3Y87VuhhfdLo/lPdOExNbScMc26MWoJg==", "user"=>{"email"=>"test@gmail.com", "password"=>"[FILTERED]", "remember_me"=>"0"}, "commit"=>"Log in"}
  [1m[36mUser Load (10.7ms)[0m  [1m[34mSELECT  "users".* FROM "users" WHERE "users"."email" = $1 ORDER BY "users"."id" ASC LIMIT $2[0m  [["email", "test@gmail.com"], ["LIMIT", 1]]
  ↳ /home/poonam/.rvm/gems/ruby-2.7.0/gems/activerecord-5.2.8.1/lib/active_record/log_subscriber.rb:98
Completed 401 Unauthorized in 54ms (ActiveRecord: 12.8ms)


Processing by Devise::SessionsController#new as HTML
  Parameters: {"utf8"=>"✓", "authenticity_token"=>"/LpP2P+u3Kr2ioPYTFi70ItexvypIeVVtCwXlkFqodkLh9x2N1maug3Y87VuhhfdLo/lPdOExNbScMc26MWoJg==", "user"=>{"email"=>"test@gmail.com", "password"=>"[FILTERED]", "remember_me"=>"0"}, "commit"=>"Log in"}
  Rendering devise/sessions/new.html.erb within layouts/application
  Rendered devise/shared/_links.html.erb (0.7ms)
  Rendered devise/sessions/new.html.erb within layouts/application (11.8ms)
Completed 200 OK in 317ms (Views: 63.6ms | ActiveRecord: 0.0ms)


Started GET "/books" for ::1 at 2024-02-23 23:34:00 +0530
Processing by BooksController#index as HTML
Completed 401 Unauthorized in 1ms (ActiveRecord: 0.0ms)


Started GET "/users/sign_in" for ::1 at 2024-02-23 23:34:00 +0530
Processing by Devise::SessionsController#new as HTML
  Rendering devise/sessions/new.html.erb within layouts/application
  Rendered devise/shared/_links.html.erb (1.5ms)
  Rendered devise/sessions/new.html.erb within layouts/application (7.7ms)
Completed 200 OK in 53ms (Views: 52.1ms | ActiveRecord: 0.0ms)


Started GET "/books/about_us" for ::1 at 2024-02-23 23:34:02 +0530
Processing by BooksController#about_us as HTML
Completed 401 Unauthorized in 1ms (ActiveRecord: 0.0ms)


Started GET "/users/sign_in" for ::1 at 2024-02-23 23:34:02 +0530
Processing by Devise::SessionsController#new as HTML
  Rendering devise/sessions/new.html.erb within layouts/application
  Rendered devise/shared/_links.html.erb (0.9ms)
  Rendered devise/sessions/new.html.erb within layouts/application (7.5ms)
Completed 200 OK in 53ms (Views: 52.1ms | ActiveRecord: 0.0ms)


Started GET "/contact-us" for ::1 at 2024-02-23 23:34:03 +0530
Processing by ContactController#contact_us as HTML
Completed 401 Unauthorized in 1ms (ActiveRecord: 0.0ms)


Started GET "/users/sign_in" for ::1 at 2024-02-23 23:34:03 +0530
Processing by Devise::SessionsController#new as HTML
  Rendering devise/sessions/new.html.erb within layouts/application
  Rendered devise/shared/_links.html.erb (1.5ms)
  Rendered devise/sessions/new.html.erb within layouts/application (9.9ms)
Completed 200 OK in 70ms (Views: 68.4ms | ActiveRecord: 0.0ms)


Started GET "/books" for ::1 at 2024-02-23 23:34:05 +0530
Processing by BooksController#index as HTML
Completed 401 Unauthorized in 3ms (ActiveRecord: 0.0ms)


Started GET "/users/sign_in" for ::1 at 2024-02-23 23:34:05 +0530
Processing by Devise::SessionsController#new as HTML
  Rendering devise/sessions/new.html.erb within layouts/application
  Rendered devise/shared/_links.html.erb (0.8ms)
  Rendered devise/sessions/new.html.erb within layouts/application (7.0ms)
Completed 200 OK in 59ms (Views: 57.4ms | ActiveRecord: 0.0ms)


DEPRECATION WARNING: Using a dynamic :action segment in a route is deprecated and will be removed in Rails 6.0. (called from block in <main> at /home/poonam/Library-management-system-master/config/routes.rb:38)
Started GET "/users/sign_in" for ::1 at 2024-02-25 00:07:50 +0530
  [1m[35m (4.9ms)[0m  [1m[34mSELECT "schema_migrations"."version" FROM "schema_migrations" ORDER BY "schema_migrations"."version" ASC[0m
  ↳ /home/poonam/.rvm/gems/ruby-2.7.0/gems/activerecord-5.2.8.1/lib/active_record/log_subscriber.rb:98
Processing by Devise::SessionsController#new as HTML
  Rendering devise/sessions/new.html.erb within layouts/application
  Rendered devise/shared/_links.html.erb (1.0ms)
  Rendered devise/sessions/new.html.erb within layouts/application (114.7ms)
Completed 200 OK in 780ms (Views: 710.2ms | ActiveRecord: 34.8ms)


Started GET "/books" for ::1 at 2024-02-25 00:07:54 +0530
Processing by BooksController#index as HTML
  Rendering books/index.html.erb within layouts/application
  Rendered books/index.html.erb within layouts/application (4.4ms)
Completed 500 Internal Server Error in 24ms (ActiveRecord: 0.0ms)


  
ActionView::Template::Error (undefined method `role' for nil:NilClass):
    1: <div class="container">
    2: 
    3:   <h1>All Books</h1>
    4:   <% if current_user.role == 'admin' %>
    5:     <%= link_to 'New Book', new_book_path, class: "btn btn-outline-primary my-3" %>
    6:   <% end %>
    7:  
  
app/views/books/index.html.erb:4:in `_app_views_books_index_html_erb___3679877064377946434_33800'
DEPRECATION WARNING: Using a dynamic :action segment in a route is deprecated and will be removed in Rails 6.0. (called from block in <main> at /home/poonam/Library-management-system-master/config/routes.rb:38)
  [1m[36mUser Load (5.1ms)[0m  [1m[34mSELECT  "users".* FROM "users" ORDER BY "users"."id" DESC LIMIT $1[0m  [["LIMIT", 1]]
Started PUT "/__web_console/repl_sessions/b684244001e993d1c900f64b731409ff" for ::1 at 2024-02-25 00:14:57 +0530
Started PUT "/__web_console/repl_sessions/b684244001e993d1c900f64b731409ff" for ::1 at 2024-02-25 00:14:58 +0530
Started PUT "/__web_console/repl_sessions/b684244001e993d1c900f64b731409ff" for ::1 at 2024-02-25 00:15:07 +0530
Started PUT "/__web_console/repl_sessions/b684244001e993d1c900f64b731409ff" for ::1 at 2024-02-25 00:15:15 +0530
Started PUT "/__web_console/repl_sessions/b684244001e993d1c900f64b731409ff" for ::1 at 2024-02-25 00:15:17 +0530
Started PUT "/__web_console/repl_sessions/b684244001e993d1c900f64b731409ff" for ::1 at 2024-02-25 00:15:19 +0530
Started PUT "/__web_console/repl_sessions/b684244001e993d1c900f64b731409ff" for ::1 at 2024-02-25 00:15:29 +0530
Started PUT "/__web_console/repl_sessions/b684244001e993d1c900f64b731409ff" for ::1 at 2024-02-25 00:15:44 +0530
Started PUT "/__web_console/repl_sessions/b684244001e993d1c900f64b731409ff" for ::1 at 2024-02-25 00:15:45 +0530
Started PUT "/__web_console/repl_sessions/b684244001e993d1c900f64b731409ff" for ::1 at 2024-02-25 00:15:49 +0530
Started PUT "/__web_console/repl_sessions/b684244001e993d1c900f64b731409ff" for ::1 at 2024-02-25 00:16:33 +0530
Started PUT "/__web_console/repl_sessions/b684244001e993d1c900f64b731409ff" for ::1 at 2024-02-25 00:16:34 +0530
  [1m[35m (0.5ms)[0m  [1m[35mBEGIN[0m
  ↳ app/views/books/index.html.erb:4
  [1m[36mUser Exists (1.7ms)[0m  [1m[34mSELECT  1 AS one FROM "users" WHERE "users"."email" = $1 LIMIT $2[0m  [["email", "test@gmail.com"], ["LIMIT", 1]]
  ↳ app/views/books/index.html.erb:4
  [1m[35m (2.7ms)[0m  [1m[31mROLLBACK[0m
  ↳ app/views/books/index.html.erb:4
Started PUT "/__web_console/repl_sessions/b684244001e993d1c900f64b731409ff" for ::1 at 2024-02-25 00:17:13 +0530
  [1m[35m (0.6ms)[0m  [1m[35mBEGIN[0m
  ↳ app/views/books/index.html.erb:4
  [1m[36mUser Exists (0.7ms)[0m  [1m[34mSELECT  1 AS one FROM "users" WHERE "users"."email" = $1 LIMIT $2[0m  [["email", "test@gmail.com"], ["LIMIT", 1]]
  ↳ app/views/books/index.html.erb:4
  [1m[35m (0.7ms)[0m  [1m[31mROLLBACK[0m
  ↳ app/views/books/index.html.erb:4
DEPRECATION WARNING: Using a dynamic :action segment in a route is deprecated and will be removed in Rails 6.0. (called from block in <main> at /home/poonam/Library-management-system-master/config/routes.rb:38)
  [1m[36mUser Load (0.7ms)[0m  [1m[34mSELECT  "users".* FROM "users" ORDER BY "users"."id" DESC LIMIT $1[0m  [["LIMIT", 1]]
  [1m[35m (0.6ms)[0m  [1m[35mBEGIN[0m
  [1m[36mUser Exists (1.0ms)[0m  [1m[34mSELECT  1 AS one FROM "users" WHERE "users"."email" = $1 LIMIT $2[0m  [["email", "test@gmail.com"], ["LIMIT", 1]]
  [1m[35m (0.8ms)[0m  [1m[31mROLLBACK[0m
  [1m[35m (0.8ms)[0m  [1m[35mBEGIN[0m
  [1m[36mUser Exists (0.8ms)[0m  [1m[34mSELECT  1 AS one FROM "users" WHERE "users"."email" = $1 LIMIT $2[0m  [["email", "test@gmail.com"], ["LIMIT", 1]]
  [1m[35m (0.7ms)[0m  [1m[31mROLLBACK[0m
  [1m[35m (0.8ms)[0m  [1m[35mBEGIN[0m
  [1m[36mUser Exists (0.8ms)[0m  [1m[34mSELECT  1 AS one FROM "users" WHERE "users"."email" = $1 LIMIT $2[0m  [["email", "test@gmail.com"], ["LIMIT", 1]]
  [1m[35m (0.6ms)[0m  [1m[31mROLLBACK[0m
  [1m[35m (0.2ms)[0m  [1m[35mBEGIN[0m
  [1m[36mUser Exists (0.3ms)[0m  [1m[34mSELECT  1 AS one FROM "users" WHERE "users"."email" = $1 LIMIT $2[0m  [["email", "test@gmail.com"], ["LIMIT", 1]]
  [1m[36mUser Create (19.2ms)[0m  [1m[32mINSERT INTO "users" ("id", "email", "encrypted_password", "created_at", "updated_at", "role") VALUES ($1, $2, $3, $4, $5, $6) RETURNING "id"[0m  [["id", 1], ["email", "test@gmail.com"], ["encrypted_password", "$2a$12$nw4YLhokB.0vKRqqxpuFCu7mYbLQAxHryYKmkv5cTaUWE47Rd7r5C"], ["created_at", "2024-02-24 18:48:31.840647"], ["updated_at", "2024-02-24 18:48:31.840647"], ["role", 1]]
  [1m[35m (6.2ms)[0m  [1m[35mCOMMIT[0m
  [1m[35m (0.9ms)[0m  [1m[35mBEGIN[0m
  [1m[36mUser Exists (3.4ms)[0m  [1m[34mSELECT  1 AS one FROM "users" WHERE "users"."email" = $1 LIMIT $2[0m  [["email", "test@gmail.com"], ["LIMIT", 1]]
  [1m[35m (0.7ms)[0m  [1m[31mROLLBACK[0m
  [1m[35m (0.9ms)[0m  [1m[35mBEGIN[0m
  [1m[36mUser Exists (0.8ms)[0m  [1m[34mSELECT  1 AS one FROM "users" WHERE "users"."email" = $1 LIMIT $2[0m  [["email", "test@gmail.com"], ["LIMIT", 1]]
  [1m[35m (0.6ms)[0m  [1m[31mROLLBACK[0m
  [1m[35m (0.3ms)[0m  [1m[35mBEGIN[0m
  [1m[36mUser Exists (0.4ms)[0m  [1m[34mSELECT  1 AS one FROM "users" WHERE "users"."email" = $1 LIMIT $2[0m  [["email", "testtest@gmail.com"], ["LIMIT", 1]]
  [1m[36mUser Create (10.4ms)[0m  [1m[32mINSERT INTO "users" ("email", "encrypted_password", "created_at", "updated_at", "role") VALUES ($1, $2, $3, $4, $5) RETURNING "id"[0m  [["email", "testtest@gmail.com"], ["encrypted_password", "$2a$12$sPDiv/5t2ero9HmTk6ANl.xpUgnpmXLJKNOmjOuvf8Ii3FEk/tcpW"], ["created_at", "2024-02-24 18:49:10.934130"], ["updated_at", "2024-02-24 18:49:10.934130"], ["role", 1]]
  [1m[35m (0.4ms)[0m  [1m[31mROLLBACK[0m
  [1m[35m (1.2ms)[0m  [1m[35mBEGIN[0m
  [1m[36mUser Exists (1.2ms)[0m  [1m[34mSELECT  1 AS one FROM "users" WHERE "users"."email" = $1 LIMIT $2[0m  [["email", "testtest@gmail.com"], ["LIMIT", 1]]
  [1m[36mUser Create (1.0ms)[0m  [1m[32mINSERT INTO "users" ("email", "encrypted_password", "created_at", "updated_at", "role") VALUES ($1, $2, $3, $4, $5) RETURNING "id"[0m  [["email", "testtest@gmail.com"], ["encrypted_password", "$2a$12$qo5J/tBTnMP3JKM3HIVVquoytl/ghIcJlpLyjEInP9R.LdsQQXr/a"], ["created_at", "2024-02-24 18:49:57.105891"], ["updated_at", "2024-02-24 18:49:57.105891"], ["role", 1]]
  [1m[35m (8.5ms)[0m  [1m[35mCOMMIT[0m
DEPRECATION WARNING: Using a dynamic :action segment in a route is deprecated and will be removed in Rails 6.0. (called from block in <main> at /home/poonam/Library-management-system-master/config/routes.rb:38)
DEPRECATION WARNING: Using a dynamic :action segment in a route is deprecated and will be removed in Rails 6.0. (called from block in <main> at /home/poonam/Library-management-system-master/config/routes.rb:38)
DEPRECATION WARNING: Using a dynamic :action segment in a route is deprecated and will be removed in Rails 6.0. (called from block in <main> at /home/poonam/Library-management-system-master/config/routes.rb:38)
DEPRECATION WARNING: Using a dynamic :action segment in a route is deprecated and will be removed in Rails 6.0. (called from block in <main> at /home/poonam/Library-management-system-master/config/routes.rb:38)
DEPRECATION WARNING: Using a dynamic :action segment in a route is deprecated and will be removed in Rails 6.0. (called from block in <main> at /home/poonam/Library-management-system-master/config/routes.rb:38)
DEPRECATION WARNING: Using a dynamic :action segment in a route is deprecated and will be removed in Rails 6.0. (called from block in <main> at /home/poonam/Library-management-system-master/config/routes.rb:38)
DEPRECATION WARNING: Using a dynamic :action segment in a route is deprecated and will be removed in Rails 6.0. (called from block in <main> at /home/poonam/Library-management-system-master/config/routes.rb:38)
DEPRECATION WARNING: Using a dynamic :action segment in a route is deprecated and will be removed in Rails 6.0. (called from block in <main> at /home/poonam/Library-management-system-master/config/routes.rb:38)
  [1m[35m (1.2ms)[0m  [1m[35mBEGIN[0m
  [1m[36mUser Exists (1.1ms)[0m  [1m[34mSELECT  1 AS one FROM "users" WHERE "users"."email" = $1 LIMIT $2[0m  [["email", "poonamingle@gmail.com"], ["LIMIT", 1]]
  [1m[35m (0.9ms)[0m  [1m[31mROLLBACK[0m
  [1m[35m (0.2ms)[0m  [1m[35mBEGIN[0m
  [1m[36mUser Exists (0.4ms)[0m  [1m[34mSELECT  1 AS one FROM "users" WHERE "users"."email" = $1 LIMIT $2[0m  [["email", "poonamingle@gmail.com"], ["LIMIT", 1]]
  [1m[36mUser Create (0.4ms)[0m  [1m[32mINSERT INTO "users" ("email", "encrypted_password", "created_at", "updated_at", "role") VALUES ($1, $2, $3, $4, $5) RETURNING "id"[0m  [["email", "poonamingle@gmail.com"], ["encrypted_password", "$2a$12$Z3MMw80XYNv8cCjxqhBpPughiWKiK7y.D9T9OU253ZK6NfSWqmH2G"], ["created_at", "2024-02-24 18:53:41.974933"], ["updated_at", "2024-02-24 18:53:41.974933"], ["role", 1]]
  [1m[35m (2.3ms)[0m  [1m[35mCOMMIT[0m
  [1m[35m (0.2ms)[0m  [1m[35mBEGIN[0m
  [1m[36mUser Exists (0.3ms)[0m  [1m[34mSELECT  1 AS one FROM "users" WHERE "users"."email" = $1 LIMIT $2[0m  [["email", "poonamingle@gmail.com"], ["LIMIT", 1]]
  [1m[35m (0.2ms)[0m  [1m[31mROLLBACK[0m
  [1m[36mUser Load (3.0ms)[0m  [1m[34mSELECT  "users".* FROM "users" ORDER BY "users"."id" DESC LIMIT $1[0m  [["LIMIT", 1]]
Started GET "/" for ::1 at 2024-02-25 00:31:33 +0530
  [1m[35m (1.0ms)[0m  [1m[34mSELECT "schema_migrations"."version" FROM "schema_migrations" ORDER BY "schema_migrations"."version" ASC[0m
  ↳ /home/poonam/.rvm/gems/ruby-2.7.0/gems/activerecord-5.2.8.1/lib/active_record/log_subscriber.rb:98
Processing by BooksController#index as HTML
  Rendering books/index.html.erb within layouts/application
  Rendered books/index.html.erb within layouts/application (6.8ms)
Completed 500 Internal Server Error in 24ms (ActiveRecord: 0.0ms)


  
ActionView::Template::Error (undefined method `role' for nil:NilClass):
    1: <div class="container">
    2: 
    3:   <h1>All Books</h1>
    4:   <% if current_user.role == 'admin' %>
    5:     <%= link_to 'New Book', new_book_path, class: "btn btn-outline-primary my-3" %>
    6:   <% end %>
    7:  
  
app/views/books/index.html.erb:4:in `_app_views_books_index_html_erb___3044867874784984856_33480'
Started GET "/" for ::1 at 2024-02-25 00:34:01 +0530
Processing by BooksController#index as HTML
  Rendering books/index.html.erb within layouts/application
  [1m[36mBook Load (6.1ms)[0m  [1m[34mSELECT  "books".* FROM "books" LIMIT $1 OFFSET $2[0m  [["LIMIT", 12], ["OFFSET", 0]]
  ↳ app/views/books/index.html.erb:11
  Rendered books/index.html.erb within layouts/application (30.9ms)
Completed 200 OK in 453ms (Views: 431.6ms | ActiveRecord: 19.9ms)


Started GET "/books/new" for ::1 at 2024-02-25 00:34:06 +0530
Processing by BooksController#new as HTML
  Rendering books/new.html.erb within layouts/application
  Rendered books/new.html.erb within layouts/application (167.8ms)
Completed 200 OK in 245ms (Views: 201.1ms | ActiveRecord: 11.5ms)


Started GET "/books/about_us" for ::1 at 2024-02-25 00:34:12 +0530
Processing by BooksController#about_us as HTML
  Rendering books/about_us.html.erb within layouts/application
  Rendered books/about_us.html.erb within layouts/application (1.0ms)
Completed 200 OK in 128ms (Views: 125.6ms | ActiveRecord: 0.0ms)


Started GET "/contact-us" for ::1 at 2024-02-25 00:34:15 +0530
Processing by ContactController#contact_us as HTML
  Rendering contact/contact_us.html.erb within layouts/application
  Rendered contact/contact_us.html.erb within layouts/application (4.4ms)
Completed 200 OK in 50ms (Views: 48.4ms | ActiveRecord: 0.0ms)


Started GET "/books" for ::1 at 2024-02-25 00:34:19 +0530
Processing by BooksController#index as HTML
  Rendering books/index.html.erb within layouts/application
  [1m[36mBook Load (0.6ms)[0m  [1m[34mSELECT  "books".* FROM "books" LIMIT $1 OFFSET $2[0m  [["LIMIT", 12], ["OFFSET", 0]]
  ↳ app/views/books/index.html.erb:11
  Rendered books/index.html.erb within layouts/application (9.2ms)
Completed 200 OK in 91ms (Views: 88.8ms | ActiveRecord: 0.6ms)


Started GET "/books" for ::1 at 2024-02-25 00:34:21 +0530
Processing by BooksController#index as HTML
  Rendering books/index.html.erb within layouts/application
  [1m[36mBook Load (1.5ms)[0m  [1m[34mSELECT  "books".* FROM "books" LIMIT $1 OFFSET $2[0m  [["LIMIT", 12], ["OFFSET", 0]]
  ↳ app/views/books/index.html.erb:11
  Rendered books/index.html.erb within layouts/application (6.1ms)
Completed 200 OK in 65ms (Views: 61.4ms | ActiveRecord: 1.5ms)


Started GET "/books" for ::1 at 2024-02-25 00:34:22 +0530
Processing by BooksController#index as HTML
  Rendering books/index.html.erb within layouts/application
  [1m[36mBook Load (0.4ms)[0m  [1m[34mSELECT  "books".* FROM "books" LIMIT $1 OFFSET $2[0m  [["LIMIT", 12], ["OFFSET", 0]]
  ↳ app/views/books/index.html.erb:11
  Rendered books/index.html.erb within layouts/application (3.3ms)
Completed 200 OK in 55ms (Views: 53.4ms | ActiveRecord: 0.4ms)


Started GET "/books" for ::1 at 2024-02-25 00:34:24 +0530
Processing by BooksController#index as HTML
  Rendering books/index.html.erb within layouts/application
  [1m[36mBook Load (1.4ms)[0m  [1m[34mSELECT  "books".* FROM "books" LIMIT $1 OFFSET $2[0m  [["LIMIT", 12], ["OFFSET", 0]]
  ↳ app/views/books/index.html.erb:11
  Rendered books/index.html.erb within layouts/application (5.5ms)
Completed 200 OK in 46ms (Views: 42.6ms | ActiveRecord: 1.4ms)


Started GET "/books/about_us" for ::1 at 2024-02-25 00:34:25 +0530
Processing by BooksController#about_us as HTML
  Rendering books/about_us.html.erb within layouts/application
  Rendered books/about_us.html.erb within layouts/application (1.3ms)
Completed 200 OK in 74ms (Views: 68.9ms | ActiveRecord: 0.0ms)


Started GET "/contact-us" for ::1 at 2024-02-25 00:34:33 +0530
Processing by ContactController#contact_us as HTML
  Rendering contact/contact_us.html.erb within layouts/application
  Rendered contact/contact_us.html.erb within layouts/application (10.7ms)
Completed 200 OK in 98ms (Views: 96.2ms | ActiveRecord: 0.0ms)


Started GET "/search?utf8=%E2%9C%93&search=tes" for ::1 at 2024-02-25 00:34:40 +0530
Processing by BooksController#search as HTML
  Parameters: {"utf8"=>"✓", "search"=>"tes"}
  Rendering books/search.html.erb within layouts/application
  [1m[36mBook Load (4.9ms)[0m  [1m[34mSELECT "books".* FROM "books" WHERE (lower(name) LIKE '%tes%')[0m
  ↳ app/views/books/search.html.erb:5
  Rendered books/search.html.erb within layouts/application (11.2ms)
Completed 200 OK in 46ms (Views: 40.2ms | ActiveRecord: 4.9ms)


DEPRECATION WARNING: Using a dynamic :action segment in a route is deprecated and will be removed in Rails 6.0. (called from block in <main> at /home/poonam/Library-management-system-master/config/routes.rb:38)
DEPRECATION WARNING: Using a dynamic :action segment in a route is deprecated and will be removed in Rails 6.0. (called from block in <main> at /home/poonam/Library-management-system-master/config/routes.rb:38)
